<?xml version="1.0" encoding="UTF-8"?>
<!-- Generated by org.testng.reporters.JUnitReportReporter -->
<testsuite hostname="DESKTOP-61QF0TL" failures="0" tests="1" name="a1_Prg35_testscript.Category_TestCase" time="5.949" errors="0" timestamp="2024-08-22T19:26:49 IST" skipped="0">
  <testcase classname="a1_Prg35_testscript.Category_TestCase" name="enterValues" time="5.949"/>
  <system-out/>
</testsuite> <!-- a1_Prg35_testscript.Category_TestCase -->
