<?xml version="1.0" encoding="UTF-8"?>
<!-- Generated by org.testng.reporters.JUnitReportReporter -->
<testsuite hostname="DESKTOP-61QF0TL" failures="0" tests="1" name="a1_Prg35_testscript.SubCategory_TestCase" time="6.296" errors="0" timestamp="2024-08-22T19:38:15 IST" skipped="0">
  <testcase classname="a1_Prg35_testscript.SubCategory_TestCase" name="enterValues" time="6.296"/>
  <system-out/>
</testsuite> <!-- a1_Prg35_testscript.SubCategory_TestCase -->
