<?xml version="1.0" encoding="UTF-8"?>
<!-- Generated by org.testng.reporters.JUnitReportReporter -->
<testsuite hostname="DESKTOP-61QF0TL" failures="0" tests="1" name="a1_Prg35_testscript.Prg38_AdminUser" time="5.154" errors="0" timestamp="2024-08-20T05:47:35 IST" skipped="0">
  <testcase classname="a1_Prg35_testscript.Prg38_AdminUser" name="enterValues" time="5.154"/>
  <system-out/>
</testsuite> <!-- a1_Prg35_testscript.Prg38_AdminUser -->
