<?xml version="1.0" encoding="UTF-8"?>
<!-- Generated by org.testng.reporters.JUnitReportReporter -->
<testsuite hostname="DESKTOP-61QF0TL" failures="0" tests="2" name="a1_Prg35_testscript.Prg35_InputClass" time="6.477" errors="0" timestamp="2024-08-14T01:07:00 IST" skipped="0">
  <testcase classname="a1_Prg35_testscript.Prg35_InputClass" name="f" time="3.390"/>
  <system-out/>
  <testcase classname="a1_Prg35_testscript.Prg35_InputClass" name="enterValues" time="3.087"/>
  <system-out/>
</testsuite> <!-- a1_Prg35_testscript.Prg35_InputClass -->
