<?xml version="1.0" encoding="UTF-8"?>
<!-- Generated by org.testng.reporters.JUnitReportReporter -->
<testsuite hostname="DESKTOP-61QF0TL" failures="0" tests="1" name="Prg35_testscript.Prg35_BaseClass" time="3.289" errors="0" timestamp="2024-08-14T00:29:27 IST" skipped="0">
  <testcase classname="Prg35_testscript.Prg35_BaseClass" name="f" time="3.289"/>
  <system-out/>
</testsuite> <!-- Prg35_testscript.Prg35_BaseClass -->
