<?xml version="1.0" encoding="UTF-8"?>
<!-- Generated by org.testng.reporters.JUnitReportReporter -->
<testsuite hostname="DESKTOP-61QF0TL" failures="0" tests="1" name="a1_Prg35_testscript.Prg36_ManageProduct_Test1" time="5.487" errors="0" timestamp="2024-08-16T23:28:47 IST" skipped="0">
  <testcase classname="a1_Prg35_testscript.Prg36_ManageProduct_Test1" name="enterValues" time="5.487"/>
  <system-out/>
</testsuite> <!-- a1_Prg35_testscript.Prg36_ManageProduct_Test1 -->
