<?xml version="1.0" encoding="UTF-8"?>
<!-- Generated by org.testng.reporters.JUnitReportReporter -->
<testsuite hostname="DESKTOP-61QF0TL" failures="0" tests="1" name="a1_Prg35_testscript.Prg35_LoginPage_Test2" time="3.661" errors="0" timestamp="2024-08-15T20:55:44 IST" skipped="0">
  <testcase classname="a1_Prg35_testscript.Prg35_LoginPage_Test2" name="enterValues" time="3.661"/>
  <system-out/>
</testsuite> <!-- a1_Prg35_testscript.Prg35_LoginPage_Test2 -->
