<?xml version="1.0" encoding="UTF-8"?>
<!-- Generated by org.testng.reporters.JUnitReportReporter -->
<testsuite hostname="DESKTOP-61QF0TL" failures="0" tests="1" name="testscripts.AdminUser_TestCase_Delete" time="5.289" errors="0" timestamp="2024-09-02T07:45:46 IST" skipped="0">
  <testcase classname="testscripts.AdminUser_TestCase_Delete" name="enterValues" time="5.289"/>
  <system-out/>
</testsuite> <!-- testscripts.AdminUser_TestCase_Delete -->
