<?xml version="1.0" encoding="UTF-8"?>
<!-- Generated by org.testng.reporters.JUnitReportReporter -->
<testsuite hostname="DESKTOP-61QF0TL" failures="0" tests="2" name="a1_Prg35_testscript.Prg35_LoginPage_Test" time="7.415" errors="0" timestamp="2024-08-14T02:04:36 IST" skipped="0">
  <testcase classname="a1_Prg35_testscript.Prg35_LoginPage_Test" name="enterValues" time="3.371"/>
  <system-out/>
  <testcase classname="a1_Prg35_testscript.Prg35_LoginPage_Test" name="f" time="4.044"/>
  <system-out/>
</testsuite> <!-- a1_Prg35_testscript.Prg35_LoginPage_Test -->
