<?xml version="1.0" encoding="UTF-8"?>
<!-- Generated by org.testng.reporters.JUnitReportReporter -->
<testsuite hostname="DESKTOP-61QF0TL" failures="0" tests="4" name="a1_Prg35_testscript.LoginPage_TestCase1" time="16.196" errors="0" timestamp="2024-08-22T16:38:19 IST" skipped="0">
  <testcase classname="a1_Prg35_testscript.LoginPage_TestCase1" name="enterValues2" time="4.729"/>
  <system-out/>
  <testcase classname="a1_Prg35_testscript.LoginPage_TestCase1" name="enterValues1" time="4.029"/>
  <system-out/>
  <testcase classname="a1_Prg35_testscript.LoginPage_TestCase1" name="enterValues3" time="2.781"/>
  <system-out/>
  <testcase classname="a1_Prg35_testscript.LoginPage_TestCase1" name="enterValues4" time="4.657"/>
  <system-out/>
</testsuite> <!-- a1_Prg35_testscript.LoginPage_TestCase1 -->
