<?xml version="1.0" encoding="UTF-8"?>
<!-- Generated by org.testng.reporters.JUnitReportReporter -->
<testsuite hostname="DESKTOP-61QF0TL" failures="0" tests="1" name="a1_Prg35_testscript.LoginPage_TestCase1" time="14.101" errors="0" timestamp="2024-08-26T07:59:22 IST" skipped="0">
  <testcase classname="a1_Prg35_testscript.LoginPage_TestCase1" name="enterValues3" time="14.101"/>
  <system-out/>
</testsuite> <!-- a1_Prg35_testscript.LoginPage_TestCase1 -->
