<?xml version="1.0" encoding="UTF-8"?>
<!-- Generated by org.testng.reporters.JUnitReportReporter -->
<testsuite hostname="DESKTOP-61QF0TL" failures="0" tests="1" name="a1_Prg35_testscript.Prg37_MngCat_Subcat" time="5.326" errors="0" timestamp="2024-08-21T20:14:21 IST" skipped="0">
  <testcase classname="a1_Prg35_testscript.Prg37_MngCat_Subcat" name="enterValues" time="5.326"/>
  <system-out/>
</testsuite> <!-- a1_Prg35_testscript.Prg37_MngCat_Subcat -->
