<?xml version="1.0" encoding="UTF-8"?>
<!-- Generated by org.testng.reporters.JUnitReportReporter -->
<testsuite hostname="DESKTOP-61QF0TL" failures="0" tests="1" name="a1_Prg35_testscript.AdminUser_TestCase_Delete" time="6.180" errors="0" timestamp="2024-08-23T00:09:30 IST" skipped="0">
  <testcase classname="a1_Prg35_testscript.AdminUser_TestCase_Delete" name="enterValues" time="6.180"/>
  <system-out/>
</testsuite> <!-- a1_Prg35_testscript.AdminUser_TestCase_Delete -->
